

> @atlas-ds/react@0.0.1 build /home/lrs/Downloads/bigil-library/packages/react
> tsup

[34mCLI[39m Building entry: src/index.ts
[34mCLI[39m Using tsconfig: tsconfig.json
[34mCLI[39m tsup v8.5.1
[34mCLI[39m Using tsup config: /home/lrs/Downloads/bigil-library/packages/react/tsup.config.ts
[34mCLI[39m Target: esnext
[34mCLI[39m Cleaning output folder
[34mESM[39m Build start
[34mCJS[39m Build start
DTS Build start
[32mESM[39m [1mdist/index.mjs     [22m[32m47.87 KB[39m
[32mESM[39m [1mdist/index.css     [22m[32m72.67 KB[39m
[32mESM[39m [1mdist/index.mjs.map [22m[32m179.14 KB[39m
[32mESM[39m [1mdist/index.css.map [22m[32m145.63 KB[39m
[32mESM[39m ⚡️ Build success in 396ms
[32mCJS[39m [1mdist/index.js      [22m[32m50.55 KB[39m
[32mCJS[39m [1mdist/index.css     [22m[32m72.67 KB[39m
[32mCJS[39m [1mdist/index.js.map  [22m[32m181.53 KB[39m
[32mCJS[39m [1mdist/index.css.map [22m[32m145.63 KB[39m
[32mCJS[39m ⚡️ Build success in 405ms
DTS ⚡️ Build success in 2222ms
DTS dist/index.d.mts 23.54 KB
DTS dist/index.d.ts  23.54 KB
